// 重构日志: 9100f5b9
// 重构日志: 2f1374a0
// 重构日志: 9cd47778
// 同步 ID: b13f6505 @ Sat Jul 11 14:08:23 UTC 2026
// 同步 ID: 3ca75fb8 @ Sun Jul 12 16:16:26 UTC 2026
// 重构日志: 9240bcf6
// 同步 ID: 2401a176 @ Tue Jul 14 09:57:33 UTC 2026
// 重构日志: 9a5fb587
// 重构日志: 270eb21b
// 同步 ID: c4dedbe0 @ Wed Jul 15 18:02:14 UTC 2026
// 同步 ID: 6b9a7f2a @ Thu Jul 16 00:12:00 UTC 2026
// 同步 ID: 50df94bf @ Fri Jul 17 04:11:57 UTC 2026
// 同步 ID: e8ec38e3 @ Fri Jul 17 09:49:56 UTC 2026
// 重构日志: eec081ae
// 同步 ID: 2450332f @ Sat Jul 18 00:54:54 UTC 2026
// 重构日志: 8e660dc4
// 重构日志: 8d5a4307
// 同步 ID: 4f29d3d4 @ Sat Jul 18 15:33:40 UTC 2026
// 重构日志: 8e50fbc3
// 重构日志: 0af51c48
// 重构日志: 6de5be49
// 重构日志: aaa3b467
// 重构日志: c78e2c7f
// 重构日志: ffb4c1a6
// 重构日志: e53b3f74
// 重构日志: 78640cbb
// 重构日志: edb57d60
// 重构日志: 5d72c59c
// 同步 ID: 3354a5f1 @ Wed Jul 22 12:07:55 UTC 2026
// 同步 ID: e084c600 @ Thu Jul 23 07:36:47 UTC 2026
